mode: set
github.com/Tarat0r/Markdown-Blog/database/database.go:17.18,22.17 4 0
github.com/Tarat0r/Markdown-Blog/database/database.go:22.17,24.3 1 0
github.com/Tarat0r/Markdown-Blog/database/database.go:26.2,27.35 2 0
github.com/Tarat0r/Markdown-Blog/database/database.go:27.35,31.17 3 0
github.com/Tarat0r/Markdown-Blog/database/database.go:31.17,33.18 2 0
github.com/Tarat0r/Markdown-Blog/database/database.go:33.18,35.10 2 0
github.com/Tarat0r/Markdown-Blog/database/database.go:37.4,37.18 1 0
github.com/Tarat0r/Markdown-Blog/database/database.go:40.3,42.28 3 0
github.com/Tarat0r/Markdown-Blog/database/database.go:45.2,45.16 1 0
github.com/Tarat0r/Markdown-Blog/database/database.go:45.16,47.3 1 0
github.com/Tarat0r/Markdown-Blog/database/database.go:49.2,50.55 2 0
github.com/Tarat0r/Markdown-Blog/database/database.go:54.16,57.2 2 0
github.com/Tarat0r/Markdown-Blog/database/database.go:60.22,63.16 3 0
github.com/Tarat0r/Markdown-Blog/database/database.go:63.16,65.3 1 0
github.com/Tarat0r/Markdown-Blog/database/database.go:67.2,68.16 2 0
github.com/Tarat0r/Markdown-Blog/database/database.go:68.16,70.3 1 0
github.com/Tarat0r/Markdown-Blog/database/database.go:71.2,74.16 3 0
github.com/Tarat0r/Markdown-Blog/database/database.go:74.16,76.3 1 0
github.com/Tarat0r/Markdown-Blog/database/database.go:78.2,78.59 1 0
github.com/Tarat0r/Markdown-Blog/database/sqlc/db.go:20.28,22.2 1 0
github.com/Tarat0r/Markdown-Blog/database/sqlc/db.go:28.46,32.2 1 0
github.com/Tarat0r/Markdown-Blog/database/sqlc/query.sql.go:30.87,50.2 4 0
github.com/Tarat0r/Markdown-Blog/database/sqlc/query.sql.go:56.68,59.2 2 0
github.com/Tarat0r/Markdown-Blog/database/sqlc/query.sql.go:71.89,76.2 4 0
github.com/Tarat0r/Markdown-Blog/database/sqlc/query.sql.go:83.85,88.2 4 0
github.com/Tarat0r/Markdown-Blog/database/sqlc/query.sql.go:94.83,99.2 4 0
github.com/Tarat0r/Markdown-Blog/database/sqlc/query.sql.go:105.78,110.2 4 0
github.com/Tarat0r/Markdown-Blog/database/sqlc/query.sql.go:119.88,121.16 2 0
github.com/Tarat0r/Markdown-Blog/database/sqlc/query.sql.go:121.16,123.3 1 0
github.com/Tarat0r/Markdown-Blog/database/sqlc/query.sql.go:124.2,126.18 3 0
github.com/Tarat0r/Markdown-Blog/database/sqlc/query.sql.go:126.18,128.66 2 0
github.com/Tarat0r/Markdown-Blog/database/sqlc/query.sql.go:128.66,130.4 1 0
github.com/Tarat0r/Markdown-Blog/database/sqlc/query.sql.go:131.3,131.27 1 0
github.com/Tarat0r/Markdown-Blog/database/sqlc/query.sql.go:133.2,133.35 1 0
github.com/Tarat0r/Markdown-Blog/database/sqlc/query.sql.go:133.35,135.3 1 0
github.com/Tarat0r/Markdown-Blog/database/sqlc/query.sql.go:136.2,136.19 1 0
github.com/Tarat0r/Markdown-Blog/database/sqlc/query.sql.go:143.76,157.2 4 0
github.com/Tarat0r/Markdown-Blog/database/sqlc/query.sql.go:173.107,175.16 2 0
github.com/Tarat0r/Markdown-Blog/database/sqlc/query.sql.go:175.16,177.3 1 0
github.com/Tarat0r/Markdown-Blog/database/sqlc/query.sql.go:178.2,180.18 3 0
github.com/Tarat0r/Markdown-Blog/database/sqlc/query.sql.go:180.18,182.51 2 0
github.com/Tarat0r/Markdown-Blog/database/sqlc/query.sql.go:182.51,184.4 1 0
github.com/Tarat0r/Markdown-Blog/database/sqlc/query.sql.go:185.3,185.27 1 0
github.com/Tarat0r/Markdown-Blog/database/sqlc/query.sql.go:187.2,187.35 1 0
github.com/Tarat0r/Markdown-Blog/database/sqlc/query.sql.go:187.35,189.3 1 0
github.com/Tarat0r/Markdown-Blog/database/sqlc/query.sql.go:190.2,190.19 1 0
github.com/Tarat0r/Markdown-Blog/database/sqlc/query.sql.go:204.103,218.2 4 0
github.com/Tarat0r/Markdown-Blog/database/sqlc/query.sql.go:234.97,239.2 4 0
github.com/Tarat0r/Markdown-Blog/database/sqlc/query.sql.go:248.88,250.16 2 0
github.com/Tarat0r/Markdown-Blog/database/sqlc/query.sql.go:250.16,252.3 1 0
github.com/Tarat0r/Markdown-Blog/database/sqlc/query.sql.go:253.2,255.18 3 0
github.com/Tarat0r/Markdown-Blog/database/sqlc/query.sql.go:255.18,266.17 2 0
github.com/Tarat0r/Markdown-Blog/database/sqlc/query.sql.go:266.17,268.4 1 0
github.com/Tarat0r/Markdown-Blog/database/sqlc/query.sql.go:269.3,269.27 1 0
github.com/Tarat0r/Markdown-Blog/database/sqlc/query.sql.go:271.2,271.35 1 0
github.com/Tarat0r/Markdown-Blog/database/sqlc/query.sql.go:271.35,273.3 1 0
github.com/Tarat0r/Markdown-Blog/database/sqlc/query.sql.go:274.2,274.19 1 0
github.com/Tarat0r/Markdown-Blog/database/sqlc/query.sql.go:287.89,290.2 2 0
github.com/Tarat0r/Markdown-Blog/database/sqlc/query.sql.go:302.100,304.16 2 0
github.com/Tarat0r/Markdown-Blog/database/sqlc/query.sql.go:304.16,306.3 1 0
github.com/Tarat0r/Markdown-Blog/database/sqlc/query.sql.go:307.2,309.18 3 0
github.com/Tarat0r/Markdown-Blog/database/sqlc/query.sql.go:309.18,311.60 2 0
github.com/Tarat0r/Markdown-Blog/database/sqlc/query.sql.go:311.60,313.4 1 0
github.com/Tarat0r/Markdown-Blog/database/sqlc/query.sql.go:314.3,314.27 1 0
github.com/Tarat0r/Markdown-Blog/database/sqlc/query.sql.go:316.2,316.35 1 0
github.com/Tarat0r/Markdown-Blog/database/sqlc/query.sql.go:316.35,318.3 1 0
github.com/Tarat0r/Markdown-Blog/database/sqlc/query.sql.go:319.2,319.19 1 0
github.com/Tarat0r/Markdown-Blog/database/sqlc/query.sql.go:334.83,337.2 2 0
github.com/Tarat0r/Markdown-Blog/database/sqlc/query.sql.go:348.84,353.2 4 0
github.com/Tarat0r/Markdown-Blog/database/sqlc/query.sql.go:364.97,367.2 2 0
github.com/Tarat0r/Markdown-Blog/database/sqlc/query.sql.go:382.105,385.2 2 0
github.com/Tarat0r/Markdown-Blog/database/sqlc/query.sql.go:401.79,411.2 2 0
github.com/Tarat0r/Markdown-Blog/database/sqlc/query.sql.go:423.80,428.2 4 0
github.com/Tarat0r/Markdown-Blog/database/sqlc/query.sql.go:445.116,450.2 4 0
github.com/Tarat0r/Markdown-Blog/main.go:16.13,37.24 12 0
github.com/Tarat0r/Markdown-Blog/main.go:37.24,39.3 1 0
github.com/Tarat0r/Markdown-Blog/main.go:40.2,41.51 2 0
github.com/Tarat0r/Markdown-Blog/main.go:47.60,48.57 1 0
github.com/Tarat0r/Markdown-Blog/main.go:48.57,49.34 1 0
github.com/Tarat0r/Markdown-Blog/main.go:49.34,51.4 1 0
github.com/Tarat0r/Markdown-Blog/main.go:52.3,52.17 1 0
github.com/Tarat0r/Markdown-Blog/middleware/middleware.go:26.64,27.54 1 0
github.com/Tarat0r/Markdown-Blog/middleware/middleware.go:27.54,30.3 2 0
github.com/Tarat0r/Markdown-Blog/middleware/middleware.go:34.61,35.54 1 0
github.com/Tarat0r/Markdown-Blog/middleware/middleware.go:35.54,39.18 2 0
github.com/Tarat0r/Markdown-Blog/middleware/middleware.go:39.18,42.4 2 0
github.com/Tarat0r/Markdown-Blog/middleware/middleware.go:45.3,45.27 1 0
github.com/Tarat0r/Markdown-Blog/middleware/middleware.go:45.27,48.4 2 0
github.com/Tarat0r/Markdown-Blog/middleware/middleware.go:51.3,53.36 2 0
github.com/Tarat0r/Markdown-Blog/middleware/middleware.go:53.36,56.4 2 0
github.com/Tarat0r/Markdown-Blog/middleware/middleware.go:58.3,58.17 1 0
github.com/Tarat0r/Markdown-Blog/middleware/middleware.go:58.17,62.4 3 0
github.com/Tarat0r/Markdown-Blog/middleware/middleware.go:63.3,66.30 3 0
github.com/Tarat0r/Markdown-Blog/middleware/middleware.go:71.76,75.2 3 0
github.com/Tarat0r/Markdown-Blog/middleware/middleware.go:78.38,81.2 2 0
github.com/Tarat0r/Markdown-Blog/handlers/CreateNote.go:44.57,47.9 2 1
github.com/Tarat0r/Markdown-Blog/handlers/CreateNote.go:47.9,50.3 2 0
github.com/Tarat0r/Markdown-Blog/handlers/CreateNote.go:54.2,55.16 2 1
github.com/Tarat0r/Markdown-Blog/handlers/CreateNote.go:55.16,58.3 2 0
github.com/Tarat0r/Markdown-Blog/handlers/CreateNote.go:61.2,63.63 3 1
github.com/Tarat0r/Markdown-Blog/handlers/CreateNote.go:63.63,66.3 2 0
github.com/Tarat0r/Markdown-Blog/handlers/CreateNote.go:69.2,70.16 2 1
github.com/Tarat0r/Markdown-Blog/handlers/CreateNote.go:70.16,74.3 3 0
github.com/Tarat0r/Markdown-Blog/handlers/CreateNote.go:77.2,78.29 2 1
github.com/Tarat0r/Markdown-Blog/handlers/CreateNote.go:78.29,81.3 2 0
github.com/Tarat0r/Markdown-Blog/handlers/CreateNote.go:83.2,84.16 2 1
github.com/Tarat0r/Markdown-Blog/handlers/CreateNote.go:84.16,87.3 2 0
github.com/Tarat0r/Markdown-Blog/handlers/CreateNote.go:88.2,93.16 4 1
github.com/Tarat0r/Markdown-Blog/handlers/CreateNote.go:93.16,97.3 3 0
github.com/Tarat0r/Markdown-Blog/handlers/CreateNote.go:98.2,98.56 1 1
github.com/Tarat0r/Markdown-Blog/handlers/CreateNote.go:98.56,102.3 3 0
github.com/Tarat0r/Markdown-Blog/handlers/CreateNote.go:103.2,108.22 3 1
github.com/Tarat0r/Markdown-Blog/handlers/CreateNote.go:108.22,112.3 3 0
github.com/Tarat0r/Markdown-Blog/handlers/CreateNote.go:114.2,120.16 5 1
github.com/Tarat0r/Markdown-Blog/handlers/CreateNote.go:120.16,124.3 3 0
github.com/Tarat0r/Markdown-Blog/handlers/CreateNote.go:127.2,127.56 1 1
github.com/Tarat0r/Markdown-Blog/handlers/CreateNote.go:127.56,131.3 3 0
github.com/Tarat0r/Markdown-Blog/handlers/CreateNote.go:133.2,134.16 2 1
github.com/Tarat0r/Markdown-Blog/handlers/CreateNote.go:134.16,138.3 3 0
github.com/Tarat0r/Markdown-Blog/handlers/CreateNote.go:139.2,142.16 3 1
github.com/Tarat0r/Markdown-Blog/handlers/CreateNote.go:142.16,145.3 2 0
github.com/Tarat0r/Markdown-Blog/handlers/CreateNote.go:147.2,148.16 2 1
github.com/Tarat0r/Markdown-Blog/handlers/CreateNote.go:148.16,151.3 2 0
github.com/Tarat0r/Markdown-Blog/handlers/CreateNote.go:152.2,152.26 1 1
github.com/Tarat0r/Markdown-Blog/handlers/CreateNote.go:152.26,155.3 2 0
github.com/Tarat0r/Markdown-Blog/handlers/CreateNote.go:157.2,158.16 2 1
github.com/Tarat0r/Markdown-Blog/handlers/CreateNote.go:158.16,161.3 2 0
github.com/Tarat0r/Markdown-Blog/handlers/CreateNote.go:164.2,164.29 1 1
github.com/Tarat0r/Markdown-Blog/handlers/CreateNote.go:164.29,167.17 2 0
github.com/Tarat0r/Markdown-Blog/handlers/CreateNote.go:167.17,168.12 1 0
github.com/Tarat0r/Markdown-Blog/handlers/CreateNote.go:169.9,169.44 1 0
github.com/Tarat0r/Markdown-Blog/handlers/CreateNote.go:169.44,172.4 2 0
github.com/Tarat0r/Markdown-Blog/handlers/CreateNote.go:173.3,174.17 2 0
github.com/Tarat0r/Markdown-Blog/handlers/CreateNote.go:174.17,178.4 3 0
github.com/Tarat0r/Markdown-Blog/handlers/CreateNote.go:182.2,190.35 4 1
github.com/Tarat0r/Markdown-Blog/handlers/CreateNote.go:190.35,192.31 2 1
github.com/Tarat0r/Markdown-Blog/handlers/CreateNote.go:192.31,194.5 1 0
github.com/Tarat0r/Markdown-Blog/handlers/CreateNote.go:195.4,195.16 1 1
github.com/Tarat0r/Markdown-Blog/handlers/CreateNote.go:205.78,208.2 1 1
github.com/Tarat0r/Markdown-Blog/handlers/CreateNote.go:211.132,231.79 6 1
github.com/Tarat0r/Markdown-Blog/handlers/CreateNote.go:231.79,232.27 1 1
github.com/Tarat0r/Markdown-Blog/handlers/CreateNote.go:234.19,235.16 1 0
github.com/Tarat0r/Markdown-Blog/handlers/CreateNote.go:235.16,237.32 2 0
github.com/Tarat0r/Markdown-Blog/handlers/CreateNote.go:237.32,238.32 1 0
github.com/Tarat0r/Markdown-Blog/handlers/CreateNote.go:238.32,240.7 1 0
github.com/Tarat0r/Markdown-Blog/handlers/CreateNote.go:242.6,243.26 2 0
github.com/Tarat0r/Markdown-Blog/handlers/CreateNote.go:243.26,245.7 1 0
github.com/Tarat0r/Markdown-Blog/handlers/CreateNote.go:246.6,249.18 3 0
github.com/Tarat0r/Markdown-Blog/handlers/CreateNote.go:254.23,255.56 1 1
github.com/Tarat0r/Markdown-Blog/handlers/CreateNote.go:255.56,256.19 1 1
github.com/Tarat0r/Markdown-Blog/handlers/CreateNote.go:256.19,257.32 1 0
github.com/Tarat0r/Markdown-Blog/handlers/CreateNote.go:257.32,259.7 1 0
github.com/Tarat0r/Markdown-Blog/handlers/CreateNote.go:260.6,263.34 3 0
github.com/Tarat0r/Markdown-Blog/handlers/CreateNote.go:264.11,269.6 2 1
github.com/Tarat0r/Markdown-Blog/handlers/CreateNote.go:273.3,273.31 1 1
github.com/Tarat0r/Markdown-Blog/handlers/CreateNote.go:277.2,277.16 1 1
github.com/Tarat0r/Markdown-Blog/handlers/CreateNote.go:277.16,279.3 1 0
github.com/Tarat0r/Markdown-Blog/handlers/CreateNote.go:282.2,283.60 2 1
github.com/Tarat0r/Markdown-Blog/handlers/CreateNote.go:283.60,286.3 2 0
github.com/Tarat0r/Markdown-Blog/handlers/CreateNote.go:287.2,287.26 1 1
github.com/Tarat0r/Markdown-Blog/handlers/CreateNote.go:291.116,299.30 5 1
github.com/Tarat0r/Markdown-Blog/handlers/CreateNote.go:299.30,301.3 1 1
github.com/Tarat0r/Markdown-Blog/handlers/CreateNote.go:304.2,304.44 1 0
github.com/Tarat0r/Markdown-Blog/handlers/CreateNote.go:304.44,306.3 1 0
github.com/Tarat0r/Markdown-Blog/handlers/CreateNote.go:308.2,308.34 1 0
github.com/Tarat0r/Markdown-Blog/handlers/CreateNote.go:308.34,311.17 3 0
github.com/Tarat0r/Markdown-Blog/handlers/CreateNote.go:311.17,313.4 1 0
github.com/Tarat0r/Markdown-Blog/handlers/CreateNote.go:314.3,318.50 3 0
github.com/Tarat0r/Markdown-Blog/handlers/CreateNote.go:318.50,320.4 1 0
github.com/Tarat0r/Markdown-Blog/handlers/CreateNote.go:321.3,321.59 1 0
github.com/Tarat0r/Markdown-Blog/handlers/CreateNote.go:321.59,323.4 1 0
github.com/Tarat0r/Markdown-Blog/handlers/CreateNote.go:324.3,325.45 2 0
github.com/Tarat0r/Markdown-Blog/handlers/CreateNote.go:325.45,327.4 1 0
github.com/Tarat0r/Markdown-Blog/handlers/CreateNote.go:330.3,331.17 2 0
github.com/Tarat0r/Markdown-Blog/handlers/CreateNote.go:331.17,333.4 1 0
github.com/Tarat0r/Markdown-Blog/handlers/CreateNote.go:336.3,338.17 3 0
github.com/Tarat0r/Markdown-Blog/handlers/CreateNote.go:338.17,339.37 1 0
github.com/Tarat0r/Markdown-Blog/handlers/CreateNote.go:339.37,345.19 3 0
github.com/Tarat0r/Markdown-Blog/handlers/CreateNote.go:345.19,347.6 1 0
github.com/Tarat0r/Markdown-Blog/handlers/CreateNote.go:348.5,351.19 3 0
github.com/Tarat0r/Markdown-Blog/handlers/CreateNote.go:351.19,353.6 1 0
github.com/Tarat0r/Markdown-Blog/handlers/CreateNote.go:354.5,357.19 3 0
github.com/Tarat0r/Markdown-Blog/handlers/CreateNote.go:357.19,359.6 1 0
github.com/Tarat0r/Markdown-Blog/handlers/CreateNote.go:362.5,363.19 2 0
github.com/Tarat0r/Markdown-Blog/handlers/CreateNote.go:363.19,365.6 1 0
github.com/Tarat0r/Markdown-Blog/handlers/CreateNote.go:366.5,366.67 1 0
github.com/Tarat0r/Markdown-Blog/handlers/CreateNote.go:367.10,369.5 1 0
github.com/Tarat0r/Markdown-Blog/handlers/CreateNote.go:371.3,371.31 1 0
github.com/Tarat0r/Markdown-Blog/handlers/CreateNote.go:373.2,373.20 1 0
github.com/Tarat0r/Markdown-Blog/handlers/DeleteNote.go:13.57,15.9 2 1
github.com/Tarat0r/Markdown-Blog/handlers/DeleteNote.go:15.9,18.3 2 0
github.com/Tarat0r/Markdown-Blog/handlers/DeleteNote.go:20.2,21.9 2 1
github.com/Tarat0r/Markdown-Blog/handlers/DeleteNote.go:21.9,23.3 1 0
github.com/Tarat0r/Markdown-Blog/handlers/DeleteNote.go:25.2,31.16 3 1
github.com/Tarat0r/Markdown-Blog/handlers/DeleteNote.go:31.16,34.3 2 0
github.com/Tarat0r/Markdown-Blog/handlers/DeleteNote.go:35.2,37.42 3 1
github.com/Tarat0r/Markdown-Blog/handlers/GetImage.go:13.55,16.9 2 0
github.com/Tarat0r/Markdown-Blog/handlers/GetImage.go:16.9,19.3 2 0
github.com/Tarat0r/Markdown-Blog/handlers/GetImage.go:22.2,25.16 3 0
github.com/Tarat0r/Markdown-Blog/handlers/GetImage.go:25.16,28.3 2 0
github.com/Tarat0r/Markdown-Blog/handlers/GetImage.go:30.2,32.16 3 0
github.com/Tarat0r/Markdown-Blog/handlers/GetImage.go:32.16,35.3 2 0
github.com/Tarat0r/Markdown-Blog/handlers/GetImage.go:36.2,52.18 9 0
github.com/Tarat0r/Markdown-Blog/handlers/GetNote.go:21.54,23.9 2 0
github.com/Tarat0r/Markdown-Blog/handlers/GetNote.go:23.9,26.3 2 0
github.com/Tarat0r/Markdown-Blog/handlers/GetNote.go:29.2,32.9 3 0
github.com/Tarat0r/Markdown-Blog/handlers/GetNote.go:32.9,34.3 1 0
github.com/Tarat0r/Markdown-Blog/handlers/GetNote.go:36.2,37.16 2 0
github.com/Tarat0r/Markdown-Blog/handlers/GetNote.go:37.16,40.3 2 0
github.com/Tarat0r/Markdown-Blog/handlers/GetNote.go:42.2,52.22 2 0
github.com/Tarat0r/Markdown-Blog/handlers/GetNote.go:52.22,54.3 1 0
github.com/Tarat0r/Markdown-Blog/handlers/GetNote.go:56.2,56.46 1 0
github.com/Tarat0r/Markdown-Blog/handlers/ListNotes.go:11.56,13.9 2 1
github.com/Tarat0r/Markdown-Blog/handlers/ListNotes.go:13.9,16.3 2 0
github.com/Tarat0r/Markdown-Blog/handlers/ListNotes.go:18.2,19.16 2 1
github.com/Tarat0r/Markdown-Blog/handlers/ListNotes.go:19.16,22.3 2 0
github.com/Tarat0r/Markdown-Blog/handlers/ListNotes.go:22.8,22.25 1 1
github.com/Tarat0r/Markdown-Blog/handlers/ListNotes.go:22.25,24.3 1 0
github.com/Tarat0r/Markdown-Blog/handlers/ListNotes.go:25.2,25.39 1 1
github.com/Tarat0r/Markdown-Blog/handlers/UpdateNote.go:16.57,19.9 2 1
github.com/Tarat0r/Markdown-Blog/handlers/UpdateNote.go:19.9,22.3 2 0
github.com/Tarat0r/Markdown-Blog/handlers/UpdateNote.go:25.2,26.16 2 1
github.com/Tarat0r/Markdown-Blog/handlers/UpdateNote.go:26.16,29.3 2 0
github.com/Tarat0r/Markdown-Blog/handlers/UpdateNote.go:32.2,34.20 3 1
github.com/Tarat0r/Markdown-Blog/handlers/UpdateNote.go:34.20,37.3 2 0
github.com/Tarat0r/Markdown-Blog/handlers/UpdateNote.go:38.2,38.63 1 1
github.com/Tarat0r/Markdown-Blog/handlers/UpdateNote.go:38.63,41.3 2 0
github.com/Tarat0r/Markdown-Blog/handlers/UpdateNote.go:44.2,45.16 2 1
github.com/Tarat0r/Markdown-Blog/handlers/UpdateNote.go:45.16,49.3 3 0
github.com/Tarat0r/Markdown-Blog/handlers/UpdateNote.go:52.2,53.29 2 1
github.com/Tarat0r/Markdown-Blog/handlers/UpdateNote.go:53.29,56.3 2 0
github.com/Tarat0r/Markdown-Blog/handlers/UpdateNote.go:58.2,59.16 2 1
github.com/Tarat0r/Markdown-Blog/handlers/UpdateNote.go:59.16,62.3 2 0
github.com/Tarat0r/Markdown-Blog/handlers/UpdateNote.go:63.2,68.16 4 1
github.com/Tarat0r/Markdown-Blog/handlers/UpdateNote.go:68.16,72.3 3 0
github.com/Tarat0r/Markdown-Blog/handlers/UpdateNote.go:73.2,73.56 1 1
github.com/Tarat0r/Markdown-Blog/handlers/UpdateNote.go:73.56,77.3 3 0
github.com/Tarat0r/Markdown-Blog/handlers/UpdateNote.go:78.2,83.22 3 1
github.com/Tarat0r/Markdown-Blog/handlers/UpdateNote.go:83.22,87.3 3 0
github.com/Tarat0r/Markdown-Blog/handlers/UpdateNote.go:88.2,93.9 5 1
github.com/Tarat0r/Markdown-Blog/handlers/UpdateNote.go:93.9,95.3 1 0
github.com/Tarat0r/Markdown-Blog/handlers/UpdateNote.go:97.2,98.16 2 1
github.com/Tarat0r/Markdown-Blog/handlers/UpdateNote.go:98.16,102.3 3 0
github.com/Tarat0r/Markdown-Blog/handlers/UpdateNote.go:105.2,105.56 1 1
github.com/Tarat0r/Markdown-Blog/handlers/UpdateNote.go:105.56,109.3 3 0
github.com/Tarat0r/Markdown-Blog/handlers/UpdateNote.go:111.2,112.16 2 1
github.com/Tarat0r/Markdown-Blog/handlers/UpdateNote.go:112.16,116.3 3 0
github.com/Tarat0r/Markdown-Blog/handlers/UpdateNote.go:117.2,120.16 3 1
github.com/Tarat0r/Markdown-Blog/handlers/UpdateNote.go:120.16,123.3 2 0
github.com/Tarat0r/Markdown-Blog/handlers/UpdateNote.go:126.2,127.35 2 1
github.com/Tarat0r/Markdown-Blog/handlers/UpdateNote.go:127.35,130.3 2 0
github.com/Tarat0r/Markdown-Blog/handlers/UpdateNote.go:130.8,130.23 1 1
github.com/Tarat0r/Markdown-Blog/handlers/UpdateNote.go:130.23,133.3 2 0
github.com/Tarat0r/Markdown-Blog/handlers/UpdateNote.go:136.2,137.16 2 1
github.com/Tarat0r/Markdown-Blog/handlers/UpdateNote.go:137.16,140.3 2 0
github.com/Tarat0r/Markdown-Blog/handlers/UpdateNote.go:141.2,142.29 2 1
github.com/Tarat0r/Markdown-Blog/handlers/UpdateNote.go:142.29,144.3 1 0
github.com/Tarat0r/Markdown-Blog/handlers/UpdateNote.go:147.2,148.16 2 1
github.com/Tarat0r/Markdown-Blog/handlers/UpdateNote.go:148.16,151.3 2 0
github.com/Tarat0r/Markdown-Blog/handlers/UpdateNote.go:153.2,153.29 1 1
github.com/Tarat0r/Markdown-Blog/handlers/UpdateNote.go:153.29,155.17 2 0
github.com/Tarat0r/Markdown-Blog/handlers/UpdateNote.go:155.17,156.12 1 0
github.com/Tarat0r/Markdown-Blog/handlers/UpdateNote.go:157.9,157.44 1 0
github.com/Tarat0r/Markdown-Blog/handlers/UpdateNote.go:157.44,160.4 2 0
github.com/Tarat0r/Markdown-Blog/handlers/UpdateNote.go:161.3,162.17 2 0
github.com/Tarat0r/Markdown-Blog/handlers/UpdateNote.go:162.17,166.4 3 0
github.com/Tarat0r/Markdown-Blog/handlers/UpdateNote.go:170.2,177.35 4 1
github.com/Tarat0r/Markdown-Blog/handlers/UpdateNote.go:177.35,179.31 2 1
github.com/Tarat0r/Markdown-Blog/handlers/UpdateNote.go:179.31,181.5 1 0
github.com/Tarat0r/Markdown-Blog/handlers/UpdateNote.go:182.4,182.16 1 1
github.com/Tarat0r/Markdown-Blog/handlers/handlers.go:30.104,33.9 3 0
github.com/Tarat0r/Markdown-Blog/handlers/handlers.go:33.9,39.3 5 0
github.com/Tarat0r/Markdown-Blog/handlers/handlers.go:40.2,43.58 4 0
github.com/Tarat0r/Markdown-Blog/handlers/handlers.go:47.62,51.2 3 1
github.com/Tarat0r/Markdown-Blog/handlers/handlers.go:54.88,56.16 2 1
github.com/Tarat0r/Markdown-Blog/handlers/handlers.go:56.16,59.3 2 0
github.com/Tarat0r/Markdown-Blog/handlers/handlers.go:61.2,65.16 4 1
github.com/Tarat0r/Markdown-Blog/handlers/handlers.go:65.16,68.3 2 0
github.com/Tarat0r/Markdown-Blog/handlers/handlers.go:70.2,70.22 1 1
github.com/Tarat0r/Markdown-Blog/handlers/handlers.go:79.61,81.47 2 1
github.com/Tarat0r/Markdown-Blog/handlers/handlers.go:81.47,83.3 1 0
github.com/Tarat0r/Markdown-Blog/handlers/handlers.go:84.2,84.47 1 1
